<?xml version="1.0" encoding="UTF-8"?>
<!-- Generated by org.testng.reporters.JUnitXMLReporter -->
<testsuite ignored="0" hostname="LAPTOP-F1FUVC6Q" failures="0" tests="4" name="Surefire test" time="21.819" errors="0" timestamp="2026-08-11T13:52:03 IST">
  <testcase classname="com.saucedemo.tests.SauceDemoTests" name="testAddToCart" time="1.084"/>
  <testcase classname="com.saucedemo.tests.SauceDemoTests" name="testEndToEndCheckout" time="2.104"/>
  <testcase classname="com.saucedemo.tests.SauceDemoTests" name="testLogin" time="1.348"/>
  <testcase classname="com.saucedemo.tests.SauceDemoTests" name="testMissingPostalCodeValidation" time="1.842"/>
</testsuite> <!-- Surefire test -->
