<?xml version="1.0" encoding="UTF-8"?>
<!-- Generated by org.testng.reporters.JUnitXMLReporter -->
<testsuite ignored="0" hostname="LAPTOP-F1FUVC6Q" failures="0" tests="5" name="Surefire test" time="33.974" errors="0" timestamp="2026-08-14T11:44:40 IST">
  <testcase classname="com.saucedemo.tests.SauceDemoTests" name="testAddToCart" time="1.648"/>
  <testcase classname="com.saucedemo.tests.SauceDemoTests" name="testEndToEndCheckout" time="2.809"/>
  <testcase classname="com.saucedemo.tests.SauceDemoTests" name="testLogin" time="1.394"/>
  <testcase classname="com.saucedemo.tests.SauceDemoTests" name="testMissingFirstNameValidation" time="2.667"/>
  <testcase classname="com.saucedemo.tests.SauceDemoTests" name="testMissingPostalCodeValidation" time="2.563"/>
</testsuite> <!-- Surefire test -->
