<?xml version="1.0" encoding="UTF-8"?>
<testng-results ignored="0" total="5" passed="5" failed="0" skipped="0">
  <reporter-output>
  </reporter-output>
  <suite started-at="2026-08-14T11:44:06 IST" name="Surefire suite" finished-at="2026-08-14T11:44:40 IST" duration-ms="33974">
    <groups>
    </groups>
    <test started-at="2026-08-14T11:44:06 IST" name="Surefire test" finished-at="2026-08-14T11:44:40 IST" duration-ms="33974">
      <class name="com.saucedemo.tests.SauceDemoTests">
        <test-method is-config="true" signature="setUp()[pri:0, instance:com.saucedemo.tests.SauceDemoTests@5ccddd20]" started-at="2026-08-14T11:44:06 IST" name="setUp" finished-at="2026-08-14T11:44:12 IST" duration-ms="6269" status="PASS">
          <reporter-output>
          </reporter-output>
        </test-method> <!-- setUp -->
        <test-method is-config="true" signature="pageSetup()[pri:0, instance:com.saucedemo.tests.SauceDemoTests@5ccddd20]" started-at="2026-08-14T11:44:12 IST" name="pageSetup" finished-at="2026-08-14T11:44:12 IST" duration-ms="27" status="PASS">
          <reporter-output>
          </reporter-output>
        </test-method> <!-- pageSetup -->
        <test-method signature="testAddToCart()[pri:0, instance:com.saucedemo.tests.SauceDemoTests@5ccddd20]" started-at="2026-08-14T11:44:12 IST" name="testAddToCart" finished-at="2026-08-14T11:44:14 IST" duration-ms="1648" status="PASS">
          <reporter-output>
          </reporter-output>
        </test-method> <!-- testAddToCart -->
        <test-method is-config="true" signature="tearDown()[pri:0, instance:com.saucedemo.tests.SauceDemoTests@5ccddd20]" started-at="2026-08-14T11:44:14 IST" name="tearDown" finished-at="2026-08-14T11:44:14 IST" duration-ms="754" status="PASS">
          <reporter-output>
          </reporter-output>
        </test-method> <!-- tearDown -->
        <test-method is-config="true" signature="setUp()[pri:0, instance:com.saucedemo.tests.SauceDemoTests@5ccddd20]" started-at="2026-08-14T11:44:14 IST" name="setUp" finished-at="2026-08-14T11:44:17 IST" duration-ms="2173" status="PASS">
          <reporter-output>
          </reporter-output>
        </test-method> <!-- setUp -->
        <test-method is-config="true" signature="pageSetup()[pri:0, instance:com.saucedemo.tests.SauceDemoTests@5ccddd20]" started-at="2026-08-14T11:44:17 IST" name="pageSetup" finished-at="2026-08-14T11:44:17 IST" duration-ms="0" status="PASS">
          <reporter-output>
          </reporter-output>
        </test-method> <!-- pageSetup -->
        <test-method signature="testEndToEndCheckout()[pri:0, instance:com.saucedemo.tests.SauceDemoTests@5ccddd20]" started-at="2026-08-14T11:44:17 IST" name="testEndToEndCheckout" finished-at="2026-08-14T11:44:19 IST" duration-ms="2809" status="PASS">
          <reporter-output>
          </reporter-output>
        </test-method> <!-- testEndToEndCheckout -->
        <test-method is-config="true" signature="tearDown()[pri:0, instance:com.saucedemo.tests.SauceDemoTests@5ccddd20]" started-at="2026-08-14T11:44:19 IST" name="tearDown" finished-at="2026-08-14T11:44:20 IST" duration-ms="526" status="PASS">
          <reporter-output>
          </reporter-output>
        </test-method> <!-- tearDown -->
        <test-method is-config="true" signature="setUp()[pri:0, instance:com.saucedemo.tests.SauceDemoTests@5ccddd20]" started-at="2026-08-14T11:44:20 IST" name="setUp" finished-at="2026-08-14T11:44:22 IST" duration-ms="2486" status="PASS">
          <reporter-output>
          </reporter-output>
        </test-method> <!-- setUp -->
        <test-method signature="testLogin()[pri:0, instance:com.saucedemo.tests.SauceDemoTests@5ccddd20]" started-at="2026-08-14T11:44:22 IST" name="testLogin" finished-at="2026-08-14T11:44:24 IST" duration-ms="1394" status="PASS">
          <reporter-output>
          </reporter-output>
        </test-method> <!-- testLogin -->
        <test-method is-config="true" signature="pageSetup()[pri:0, instance:com.saucedemo.tests.SauceDemoTests@5ccddd20]" started-at="2026-08-14T11:44:22 IST" name="pageSetup" finished-at="2026-08-14T11:44:22 IST" duration-ms="0" status="PASS">
          <reporter-output>
          </reporter-output>
        </test-method> <!-- pageSetup -->
        <test-method is-config="true" signature="tearDown()[pri:0, instance:com.saucedemo.tests.SauceDemoTests@5ccddd20]" started-at="2026-08-14T11:44:24 IST" name="tearDown" finished-at="2026-08-14T11:44:26 IST" duration-ms="1861" status="PASS">
          <reporter-output>
          </reporter-output>
        </test-method> <!-- tearDown -->
        <test-method is-config="true" signature="setUp()[pri:0, instance:com.saucedemo.tests.SauceDemoTests@5ccddd20]" started-at="2026-08-14T11:44:26 IST" name="setUp" finished-at="2026-08-14T11:44:28 IST" duration-ms="2384" status="PASS">
          <reporter-output>
          </reporter-output>
        </test-method> <!-- setUp -->
        <test-method is-config="true" signature="pageSetup()[pri:0, instance:com.saucedemo.tests.SauceDemoTests@5ccddd20]" started-at="2026-08-14T11:44:28 IST" name="pageSetup" finished-at="2026-08-14T11:44:28 IST" duration-ms="1" status="PASS">
          <reporter-output>
          </reporter-output>
        </test-method> <!-- pageSetup -->
        <test-method signature="testMissingFirstNameValidation()[pri:0, instance:com.saucedemo.tests.SauceDemoTests@5ccddd20]" started-at="2026-08-14T11:44:28 IST" name="testMissingFirstNameValidation" finished-at="2026-08-14T11:44:31 IST" duration-ms="2667" status="PASS">
          <reporter-output>
          </reporter-output>
        </test-method> <!-- testMissingFirstNameValidation -->
        <test-method is-config="true" signature="tearDown()[pri:0, instance:com.saucedemo.tests.SauceDemoTests@5ccddd20]" started-at="2026-08-14T11:44:31 IST" name="tearDown" finished-at="2026-08-14T11:44:33 IST" duration-ms="2022" status="PASS">
          <reporter-output>
          </reporter-output>
        </test-method> <!-- tearDown -->
        <test-method is-config="true" signature="setUp()[pri:0, instance:com.saucedemo.tests.SauceDemoTests@5ccddd20]" started-at="2026-08-14T11:44:33 IST" name="setUp" finished-at="2026-08-14T11:44:35 IST" duration-ms="2265" status="PASS">
          <reporter-output>
          </reporter-output>
        </test-method> <!-- setUp -->
        <test-method signature="testMissingPostalCodeValidation()[pri:0, instance:com.saucedemo.tests.SauceDemoTests@5ccddd20]" started-at="2026-08-14T11:44:35 IST" name="testMissingPostalCodeValidation" finished-at="2026-08-14T11:44:38 IST" duration-ms="2563" status="PASS">
          <reporter-output>
          </reporter-output>
        </test-method> <!-- testMissingPostalCodeValidation -->
        <test-method is-config="true" signature="pageSetup()[pri:0, instance:com.saucedemo.tests.SauceDemoTests@5ccddd20]" started-at="2026-08-14T11:44:35 IST" name="pageSetup" finished-at="2026-08-14T11:44:35 IST" duration-ms="0" status="PASS">
          <reporter-output>
          </reporter-output>
        </test-method> <!-- pageSetup -->
        <test-method is-config="true" signature="tearDown()[pri:0, instance:com.saucedemo.tests.SauceDemoTests@5ccddd20]" started-at="2026-08-14T11:44:38 IST" name="tearDown" finished-at="2026-08-14T11:44:40 IST" duration-ms="2080" status="PASS">
          <reporter-output>
          </reporter-output>
        </test-method> <!-- tearDown -->
      </class> <!-- com.saucedemo.tests.SauceDemoTests -->
    </test> <!-- Surefire test -->
  </suite> <!-- Surefire suite -->
</testng-results>
