<?xml version="1.0" encoding="UTF-8"?>
<!-- Generated by org.testng.reporters.JUnitReportReporter -->
<testsuite hostname="LAPTOP-F1FUVC6Q" failures="0" tests="5" name="com.saucedemo.tests.SauceDemoTests" time="47.542" errors="0" timestamp="2026-08-13T11:32:55 IST" skipped="0">
  <testcase classname="com.saucedemo.tests.SauceDemoTests" name="testAddToCart" time="8.861"/>
  <testcase classname="com.saucedemo.tests.SauceDemoTests" name="testEndToEndCheckout" time="9.747"/>
  <testcase classname="com.saucedemo.tests.SauceDemoTests" name="testMissingFirstNameValidation" time="9.979"/>
  <testcase classname="com.saucedemo.tests.SauceDemoTests" name="testMissingPostalCodeValidation" time="7.717"/>
  <testcase classname="com.saucedemo.tests.SauceDemoTests" name="testLogin" time="11.238"/>
</testsuite> <!-- com.saucedemo.tests.SauceDemoTests -->
