<?xml version="1.0" encoding="UTF-8"?>
<!-- Generated by org.testng.reporters.JUnitReportReporter -->
<testsuite hostname="LAPTOP-F1FUVC6Q" failures="0" tests="5" name="com.saucedemo.tests.SauceDemoTests" time="33.929" errors="0" timestamp="2026-08-14T11:44:40 IST" skipped="0">
  <testcase classname="com.saucedemo.tests.SauceDemoTests" name="testAddToCart" time="5.870"/>
  <testcase classname="com.saucedemo.tests.SauceDemoTests" name="testMissingPostalCodeValidation" time="5.473"/>
  <testcase classname="com.saucedemo.tests.SauceDemoTests" name="testEndToEndCheckout" time="9.833"/>
  <testcase classname="com.saucedemo.tests.SauceDemoTests" name="testMissingFirstNameValidation" time="7.014"/>
  <testcase classname="com.saucedemo.tests.SauceDemoTests" name="testLogin" time="5.739"/>
</testsuite> <!-- com.saucedemo.tests.SauceDemoTests -->
